{"C:\\Users\\adminpe\\Desktop\\Nouveau dossier\\nodeJS\\api\\api-postgres\\db.js": {"path":"C:\\Users\\adminpe\\Desktop\\Nouveau dossier\\nodeJS\\api\\api-postgres\\db.js","statementMap":{"0":{"start":{"line":1,"column":17},"end":{"line":1,"column":30}},"1":{"start":{"line":2,"column":15},"end":{"line":2,"column":41}},"2":{"start":{"line":4,"column":13},"end":{"line":10,"column":2}},"3":{"start":{"line":12,"column":0},"end":{"line":12,"column":22}}},"fnMap":{},"branchMap":{},"s":{"0":1,"1":1,"2":1,"3":1},"f":{},"b":{},"_coverageSchema":"1a1c01bbd47fc00a2c39e90264f33305004495a9","hash":"ece8f4a00dcaa20c5079ec7acb9974e2a29f5d7f"}
,"C:\\Users\\adminpe\\Desktop\\Nouveau dossier\\nodeJS\\api\\api-postgres\\index.js": {"path":"C:\\Users\\adminpe\\Desktop\\Nouveau dossier\\nodeJS\\api\\api-postgres\\index.js","statementMap":{"0":{"start":{"line":1,"column":0},"end":{"line":1,"column":27}},"1":{"start":{"line":2,"column":16},"end":{"line":2,"column":34}},"2":{"start":{"line":3,"column":13},"end":{"line":3,"column":28}},"3":{"start":{"line":4,"column":21},"end":{"line":4,"column":57}},"4":{"start":{"line":5,"column":12},"end":{"line":5,"column":21}},"5":{"start":{"line":8,"column":0},"end":{"line":8,"column":16}},"6":{"start":{"line":11,"column":0},"end":{"line":11,"column":24}},"7":{"start":{"line":14,"column":22},"end":{"line":14,"column":58}},"8":{"start":{"line":15,"column":27},"end":{"line":15,"column":68}},"9":{"start":{"line":16,"column":22},"end":{"line":16,"column":58}},"10":{"start":{"line":17,"column":19},"end":{"line":17,"column":52}},"11":{"start":{"line":20,"column":0},"end":{"line":20,"column":18}},"12":{"start":{"line":23,"column":0},"end":{"line":23,"column":36}},"13":{"start":{"line":26,"column":0},"end":{"line":26,"column":45}},"14":{"start":{"line":29,"column":0},"end":{"line":29,"column":36}},"15":{"start":{"line":32,"column":0},"end":{"line":32,"column":30}},"16":{"start":{"line":35,"column":13},"end":{"line":35,"column":37}},"17":{"start":{"line":36,"column":0},"end":{"line":39,"column":3}},"18":{"start":{"line":37,"column":2},"end":{"line":37,"column":63}},"19":{"start":{"line":38,"column":2},"end":{"line":38,"column":86}},"20":{"start":{"line":40,"column":0},"end":{"line":40,"column":21}}},"fnMap":{"0":{"name":"(anonymous_0)","decl":{"start":{"line":36,"column":17},"end":{"line":36,"column":18}},"loc":{"start":{"line":36,"column":23},"end":{"line":39,"column":1}},"line":36}},"branchMap":{"0":{"loc":{"start":{"line":35,"column":13},"end":{"line":35,"column":37}},"type":"binary-expr","locations":[{"start":{"line":35,"column":13},"end":{"line":35,"column":29}},{"start":{"line":35,"column":33},"end":{"line":35,"column":37}}],"line":35}},"s":{"0":1,"1":1,"2":1,"3":1,"4":1,"5":1,"6":1,"7":1,"8":1,"9":1,"10":1,"11":1,"12":1,"13":1,"14":1,"15":1,"16":1,"17":1,"18":1,"19":1,"20":1},"f":{"0":1},"b":{"0":[1,1]},"_coverageSchema":"1a1c01bbd47fc00a2c39e90264f33305004495a9","hash":"8ec86bb5eb139865601799b3900be86b8488bb24"}
,"C:\\Users\\adminpe\\Desktop\\Nouveau dossier\\nodeJS\\api\\api-postgres\\config\\config.js": {"path":"C:\\Users\\adminpe\\Desktop\\Nouveau dossier\\nodeJS\\api\\api-postgres\\config\\config.js","statementMap":{"0":{"start":{"line":1,"column":0},"end":{"line":1,"column":27}},"1":{"start":{"line":3,"column":15},"end":{"line":13,"column":1}},"2":{"start":{"line":15,"column":0},"end":{"line":15,"column":24}}},"fnMap":{},"branchMap":{"0":{"loc":{"start":{"line":5,"column":8},"end":{"line":5,"column":32}},"type":"binary-expr","locations":[{"start":{"line":5,"column":8},"end":{"line":5,"column":24}},{"start":{"line":5,"column":28},"end":{"line":5,"column":32}}],"line":5},"1":{"loc":{"start":{"line":11,"column":10},"end":{"line":11,"column":37}},"type":"binary-expr","locations":[{"start":{"line":11,"column":10},"end":{"line":11,"column":29}},{"start":{"line":11,"column":33},"end":{"line":11,"column":37}}],"line":11}},"s":{"0":1,"1":1,"2":1},"f":{},"b":{"0":[1,1],"1":[1,0]},"_coverageSchema":"1a1c01bbd47fc00a2c39e90264f33305004495a9","hash":"84cc8a9ad00467d42f65c70ab6a741068a5ee9f1"}
,"C:\\Users\\adminpe\\Desktop\\Nouveau dossier\\nodeJS\\api\\api-postgres\\config\\swaggerConfig.js": {"path":"C:\\Users\\adminpe\\Desktop\\Nouveau dossier\\nodeJS\\api\\api-postgres\\config\\swaggerConfig.js","statementMap":{"0":{"start":{"line":1,"column":18},"end":{"line":1,"column":47}},"1":{"start":{"line":2,"column":13},"end":{"line":2,"column":30}},"2":{"start":{"line":3,"column":24},"end":{"line":3,"column":51}},"3":{"start":{"line":5,"column":0},"end":{"line":7,"column":2}},"4":{"start":{"line":6,"column":2},"end":{"line":6,"column":74}}},"fnMap":{"0":{"name":"(anonymous_0)","decl":{"start":{"line":5,"column":17},"end":{"line":5,"column":18}},"loc":{"start":{"line":5,"column":26},"end":{"line":7,"column":1}},"line":5}},"branchMap":{},"s":{"0":1,"1":1,"2":1,"3":1,"4":1},"f":{"0":1},"b":{},"_coverageSchema":"1a1c01bbd47fc00a2c39e90264f33305004495a9","hash":"baf4a68817a757643069988319deb0eca102b6c9"}
,"C:\\Users\\adminpe\\Desktop\\Nouveau dossier\\nodeJS\\api\\api-postgres\\controllers\\authController.js": {"path":"C:\\Users\\adminpe\\Desktop\\Nouveau dossier\\nodeJS\\api\\api-postgres\\controllers\\authController.js","statementMap":{"0":{"start":{"line":1,"column":15},"end":{"line":1,"column":32}},"1":{"start":{"line":2,"column":12},"end":{"line":2,"column":35}},"2":{"start":{"line":3,"column":18},"end":{"line":3,"column":48}},"3":{"start":{"line":4,"column":16},"end":{"line":4,"column":35}},"4":{"start":{"line":7,"column":21},"end":{"line":31,"column":1}},"5":{"start":{"line":8,"column":52},"end":{"line":8,"column":60}},"6":{"start":{"line":11,"column":2},"end":{"line":13,"column":3}},"7":{"start":{"line":12,"column":4},"end":{"line":12,"column":114}},"8":{"start":{"line":15,"column":2},"end":{"line":30,"column":3}},"9":{"start":{"line":17,"column":25},"end":{"line":17,"column":60}},"10":{"start":{"line":18,"column":4},"end":{"line":20,"column":5}},"11":{"start":{"line":19,"column":6},"end":{"line":19,"column":75}},"12":{"start":{"line":23,"column":27},"end":{"line":23,"column":58}},"13":{"start":{"line":25,"column":20},"end":{"line":25,"column":91}},"14":{"start":{"line":26,"column":4},"end":{"line":26,"column":93}},"15":{"start":{"line":28,"column":4},"end":{"line":28,"column":62}},"16":{"start":{"line":29,"column":4},"end":{"line":29,"column":79}},"17":{"start":{"line":34,"column":20},"end":{"line":42,"column":1}},"18":{"start":{"line":35,"column":2},"end":{"line":41,"column":3}},"19":{"start":{"line":36,"column":18},"end":{"line":36,"column":47}},"20":{"start":{"line":37,"column":4},"end":{"line":37,"column":37}},"21":{"start":{"line":39,"column":4},"end":{"line":39,"column":78}},"22":{"start":{"line":40,"column":4},"end":{"line":40,"column":95}},"23":{"start":{"line":45,"column":23},"end":{"line":65,"column":1}},"24":{"start":{"line":47,"column":25},"end":{"line":47,"column":33}},"25":{"start":{"line":49,"column":2},"end":{"line":51,"column":3}},"26":{"start":{"line":50,"column":4},"end":{"line":50,"column":86}},"27":{"start":{"line":53,"column":2},"end":{"line":64,"column":3}},"28":{"start":{"line":54,"column":24},"end":{"line":54,"column":66}},"29":{"start":{"line":56,"column":4},"end":{"line":58,"column":5}},"30":{"start":{"line":57,"column":6},"end":{"line":57,"column":103}},"31":{"start":{"line":60,"column":4},"end":{"line":60,"column":135}},"32":{"start":{"line":62,"column":4},"end":{"line":62,"column":76}},"33":{"start":{"line":63,"column":4},"end":{"line":63,"column":86}},"34":{"start":{"line":68,"column":18},"end":{"line":108,"column":1}},"35":{"start":{"line":70,"column":29},"end":{"line":70,"column":37}},"36":{"start":{"line":72,"column":2},"end":{"line":107,"column":3}},"37":{"start":{"line":74,"column":19},"end":{"line":74,"column":54}},"38":{"start":{"line":75,"column":4},"end":{"line":77,"column":5}},"39":{"start":{"line":76,"column":6},"end":{"line":76,"column":71}},"40":{"start":{"line":79,"column":17},"end":{"line":79,"column":31}},"41":{"start":{"line":81,"column":20},"end":{"line":81,"column":65}},"42":{"start":{"line":82,"column":4},"end":{"line":84,"column":5}},"43":{"start":{"line":83,"column":6},"end":{"line":83,"column":71}},"44":{"start":{"line":86,"column":20},"end":{"line":89,"column":5}},"45":{"start":{"line":92,"column":4},"end":{"line":95,"column":5}},"46":{"start":{"line":93,"column":6},"end":{"line":93,"column":55}},"47":{"start":{"line":94,"column":6},"end":{"line":94,"column":83}},"48":{"start":{"line":97,"column":18},"end":{"line":97,"column":80}},"49":{"start":{"line":99,"column":4},"end":{"line":103,"column":7}},"50":{"start":{"line":105,"column":4},"end":{"line":105,"column":58}},"51":{"start":{"line":106,"column":4},"end":{"line":106,"column":54}},"52":{"start":{"line":111,"column":22},"end":{"line":123,"column":1}},"53":{"start":{"line":112,"column":19},"end":{"line":112,"column":27}},"54":{"start":{"line":113,"column":2},"end":{"line":122,"column":3}},"55":{"start":{"line":114,"column":19},"end":{"line":114,"column":54}},"56":{"start":{"line":115,"column":4},"end":{"line":117,"column":5}},"57":{"start":{"line":116,"column":6},"end":{"line":116,"column":71}},"58":{"start":{"line":118,"column":4},"end":{"line":118,"column":41}},"59":{"start":{"line":120,"column":4},"end":{"line":120,"column":87}},"60":{"start":{"line":121,"column":4},"end":{"line":121,"column":54}},"61":{"start":{"line":125,"column":0},"end":{"line":131,"column":2}}},"fnMap":{"0":{"name":"(anonymous_0)","decl":{"start":{"line":7,"column":21},"end":{"line":7,"column":22}},"loc":{"start":{"line":7,"column":41},"end":{"line":31,"column":1}},"line":7},"1":{"name":"(anonymous_1)","decl":{"start":{"line":34,"column":20},"end":{"line":34,"column":21}},"loc":{"start":{"line":34,"column":40},"end":{"line":42,"column":1}},"line":34},"2":{"name":"(anonymous_2)","decl":{"start":{"line":45,"column":23},"end":{"line":45,"column":24}},"loc":{"start":{"line":45,"column":43},"end":{"line":65,"column":1}},"line":45},"3":{"name":"(anonymous_3)","decl":{"start":{"line":68,"column":18},"end":{"line":68,"column":19}},"loc":{"start":{"line":68,"column":38},"end":{"line":108,"column":1}},"line":68},"4":{"name":"(anonymous_4)","decl":{"start":{"line":111,"column":22},"end":{"line":111,"column":23}},"loc":{"start":{"line":111,"column":42},"end":{"line":123,"column":1}},"line":111}},"branchMap":{"0":{"loc":{"start":{"line":11,"column":2},"end":{"line":13,"column":3}},"type":"if","locations":[{"start":{"line":11,"column":2},"end":{"line":13,"column":3}},{"start":{},"end":{}}],"line":11},"1":{"loc":{"start":{"line":11,"column":6},"end":{"line":11,"column":56}},"type":"binary-expr","locations":[{"start":{"line":11,"column":6},"end":{"line":11,"column":11}},{"start":{"line":11,"column":15},"end":{"line":11,"column":25}},{"start":{"line":11,"column":29},"end":{"line":11,"column":34}},{"start":{"line":11,"column":38},"end":{"line":11,"column":47}},{"start":{"line":11,"column":51},"end":{"line":11,"column":56}}],"line":11},"2":{"loc":{"start":{"line":18,"column":4},"end":{"line":20,"column":5}},"type":"if","locations":[{"start":{"line":18,"column":4},"end":{"line":20,"column":5}},{"start":{},"end":{}}],"line":18},"3":{"loc":{"start":{"line":49,"column":2},"end":{"line":51,"column":3}},"type":"if","locations":[{"start":{"line":49,"column":2},"end":{"line":51,"column":3}},{"start":{},"end":{}}],"line":49},"4":{"loc":{"start":{"line":49,"column":6},"end":{"line":49,"column":20}},"type":"binary-expr","locations":[{"start":{"line":49,"column":6},"end":{"line":49,"column":11}},{"start":{"line":49,"column":15},"end":{"line":49,"column":20}}],"line":49},"5":{"loc":{"start":{"line":56,"column":4},"end":{"line":58,"column":5}},"type":"if","locations":[{"start":{"line":56,"column":4},"end":{"line":58,"column":5}},{"start":{},"end":{}}],"line":56},"6":{"loc":{"start":{"line":75,"column":4},"end":{"line":77,"column":5}},"type":"if","locations":[{"start":{"line":75,"column":4},"end":{"line":77,"column":5}},{"start":{},"end":{}}],"line":75},"7":{"loc":{"start":{"line":82,"column":4},"end":{"line":84,"column":5}},"type":"if","locations":[{"start":{"line":82,"column":4},"end":{"line":84,"column":5}},{"start":{},"end":{}}],"line":82},"8":{"loc":{"start":{"line":92,"column":4},"end":{"line":95,"column":5}},"type":"if","locations":[{"start":{"line":92,"column":4},"end":{"line":95,"column":5}},{"start":{},"end":{}}],"line":92},"9":{"loc":{"start":{"line":115,"column":4},"end":{"line":117,"column":5}},"type":"if","locations":[{"start":{"line":115,"column":4},"end":{"line":117,"column":5}},{"start":{},"end":{}}],"line":115}},"s":{"0":1,"1":1,"2":1,"3":1,"4":1,"5":0,"6":0,"7":0,"8":0,"9":0,"10":0,"11":0,"12":0,"13":0,"14":0,"15":0,"16":0,"17":1,"18":0,"19":0,"20":0,"21":0,"22":0,"23":1,"24":0,"25":0,"26":0,"27":0,"28":0,"29":0,"30":0,"31":0,"32":0,"33":0,"34":1,"35":0,"36":0,"37":0,"38":0,"39":0,"40":0,"41":0,"42":0,"43":0,"44":0,"45":0,"46":0,"47":0,"48":0,"49":0,"50":0,"51":0,"52":1,"53":0,"54":0,"55":0,"56":0,"57":0,"58":0,"59":0,"60":0,"61":1},"f":{"0":0,"1":0,"2":0,"3":0,"4":0},"b":{"0":[0,0],"1":[0,0,0,0,0],"2":[0,0],"3":[0,0],"4":[0,0],"5":[0,0],"6":[0,0],"7":[0,0],"8":[0,0],"9":[0,0]},"_coverageSchema":"1a1c01bbd47fc00a2c39e90264f33305004495a9","hash":"f8e34f39376c8307bf1ab12b6cbd5daedb469805"}
,"C:\\Users\\adminpe\\Desktop\\Nouveau dossier\\nodeJS\\api\\api-postgres\\controllers\\commandController.js": {"path":"C:\\Users\\adminpe\\Desktop\\Nouveau dossier\\nodeJS\\api\\api-postgres\\controllers\\commandController.js","statementMap":{"0":{"start":{"line":1,"column":21},"end":{"line":1,"column":54}},"1":{"start":{"line":2,"column":11},"end":{"line":2,"column":27}},"2":{"start":{"line":5,"column":23},"end":{"line":15,"column":1}},"3":{"start":{"line":6,"column":2},"end":{"line":6,"column":40}},"4":{"start":{"line":7,"column":2},"end":{"line":14,"column":3}},"5":{"start":{"line":8,"column":21},"end":{"line":8,"column":56}},"6":{"start":{"line":9,"column":4},"end":{"line":9,"column":70}},"7":{"start":{"line":10,"column":4},"end":{"line":10,"column":23}},"8":{"start":{"line":12,"column":4},"end":{"line":12,"column":62}},"9":{"start":{"line":13,"column":4},"end":{"line":13,"column":43}},"10":{"start":{"line":18,"column":23},"end":{"line":34,"column":1}},"11":{"start":{"line":19,"column":17},"end":{"line":19,"column":27}},"12":{"start":{"line":20,"column":2},"end":{"line":20,"column":54}},"13":{"start":{"line":21,"column":2},"end":{"line":33,"column":3}},"14":{"start":{"line":22,"column":20},"end":{"line":22,"column":57}},"15":{"start":{"line":23,"column":4},"end":{"line":23,"column":48}},"16":{"start":{"line":24,"column":4},"end":{"line":29,"column":5}},"17":{"start":{"line":25,"column":6},"end":{"line":25,"column":24}},"18":{"start":{"line":27,"column":6},"end":{"line":27,"column":57}},"19":{"start":{"line":28,"column":6},"end":{"line":28,"column":51}},"20":{"start":{"line":31,"column":4},"end":{"line":31,"column":62}},"21":{"start":{"line":32,"column":4},"end":{"line":32,"column":43}},"22":{"start":{"line":37,"column":19},"end":{"line":114,"column":1}},"23":{"start":{"line":38,"column":2},"end":{"line":38,"column":52}},"24":{"start":{"line":39,"column":42},"end":{"line":39,"column":50}},"25":{"start":{"line":41,"column":2},"end":{"line":113,"column":3}},"26":{"start":{"line":43,"column":4},"end":{"line":43,"column":58}},"27":{"start":{"line":46,"column":23},"end":{"line":46,"column":55}},"28":{"start":{"line":46,"column":40},"end":{"line":46,"column":54}},"29":{"start":{"line":47,"column":4},"end":{"line":47,"column":44}},"30":{"start":{"line":50,"column":31},"end":{"line":53,"column":5}},"31":{"start":{"line":54,"column":4},"end":{"line":54,"column":71}},"32":{"start":{"line":57,"column":23},"end":{"line":57,"column":25}},"33":{"start":{"line":58,"column":4},"end":{"line":61,"column":7}},"34":{"start":{"line":59,"column":6},"end":{"line":59,"column":33}},"35":{"start":{"line":60,"column":6},"end":{"line":60,"column":62}},"36":{"start":{"line":64,"column":4},"end":{"line":69,"column":5}},"37":{"start":{"line":65,"column":6},"end":{"line":68,"column":7}},"38":{"start":{"line":66,"column":8},"end":{"line":66,"column":77}},"39":{"start":{"line":67,"column":8},"end":{"line":67,"column":102}},"40":{"start":{"line":72,"column":27},"end":{"line":79,"column":6}},"41":{"start":{"line":73,"column":6},"end":{"line":78,"column":8}},"42":{"start":{"line":80,"column":4},"end":{"line":80,"column":68}},"43":{"start":{"line":83,"column":23},"end":{"line":83,"column":79}},"44":{"start":{"line":83,"column":57},"end":{"line":83,"column":75}},"45":{"start":{"line":84,"column":4},"end":{"line":84,"column":51}},"46":{"start":{"line":87,"column":4},"end":{"line":87,"column":127}},"47":{"start":{"line":88,"column":21},"end":{"line":92,"column":5}},"48":{"start":{"line":93,"column":23},"end":{"line":93,"column":41}},"49":{"start":{"line":94,"column":4},"end":{"line":94,"column":55}},"50":{"start":{"line":97,"column":4},"end":{"line":97,"column":73}},"51":{"start":{"line":98,"column":27},"end":{"line":105,"column":6}},"52":{"start":{"line":99,"column":6},"end":{"line":99,"column":164}},"53":{"start":{"line":100,"column":6},"end":{"line":104,"column":8}},"54":{"start":{"line":106,"column":4},"end":{"line":106,"column":38}},"55":{"start":{"line":107,"column":4},"end":{"line":107,"column":64}},"56":{"start":{"line":109,"column":4},"end":{"line":109,"column":80}},"57":{"start":{"line":111,"column":4},"end":{"line":111,"column":70}},"58":{"start":{"line":112,"column":4},"end":{"line":112,"column":70}},"59":{"start":{"line":117,"column":28},"end":{"line":151,"column":1}},"60":{"start":{"line":118,"column":2},"end":{"line":118,"column":61}},"61":{"start":{"line":119,"column":2},"end":{"line":119,"column":46}},"62":{"start":{"line":120,"column":2},"end":{"line":120,"column":60}},"63":{"start":{"line":122,"column":25},"end":{"line":122,"column":33}},"64":{"start":{"line":123,"column":2},"end":{"line":123,"column":100}},"65":{"start":{"line":125,"column":2},"end":{"line":150,"column":3}},"66":{"start":{"line":127,"column":22},"end":{"line":127,"column":93}},"67":{"start":{"line":128,"column":4},"end":{"line":128,"column":60}},"68":{"start":{"line":129,"column":4},"end":{"line":129,"column":53}},"69":{"start":{"line":131,"column":19},"end":{"line":131,"column":58}},"70":{"start":{"line":132,"column":4},"end":{"line":132,"column":52}},"71":{"start":{"line":134,"column":4},"end":{"line":138,"column":5}},"72":{"start":{"line":135,"column":6},"end":{"line":135,"column":61}},"73":{"start":{"line":136,"column":6},"end":{"line":136,"column":65}},"74":{"start":{"line":137,"column":6},"end":{"line":137,"column":71}},"75":{"start":{"line":140,"column":4},"end":{"line":140,"column":70}},"76":{"start":{"line":141,"column":4},"end":{"line":141,"column":58}},"77":{"start":{"line":142,"column":4},"end":{"line":142,"column":46}},"78":{"start":{"line":143,"column":4},"end":{"line":143,"column":63}},"79":{"start":{"line":145,"column":4},"end":{"line":145,"column":97}},"80":{"start":{"line":147,"column":4},"end":{"line":147,"column":76}},"81":{"start":{"line":148,"column":4},"end":{"line":148,"column":63}},"82":{"start":{"line":149,"column":4},"end":{"line":149,"column":68}},"83":{"start":{"line":153,"column":0},"end":{"line":158,"column":2}}},"fnMap":{"0":{"name":"(anonymous_0)","decl":{"start":{"line":5,"column":23},"end":{"line":5,"column":24}},"loc":{"start":{"line":5,"column":43},"end":{"line":15,"column":1}},"line":5},"1":{"name":"(anonymous_1)","decl":{"start":{"line":18,"column":23},"end":{"line":18,"column":24}},"loc":{"start":{"line":18,"column":43},"end":{"line":34,"column":1}},"line":18},"2":{"name":"(anonymous_2)","decl":{"start":{"line":37,"column":19},"end":{"line":37,"column":20}},"loc":{"start":{"line":37,"column":39},"end":{"line":114,"column":1}},"line":37},"3":{"name":"(anonymous_3)","decl":{"start":{"line":46,"column":35},"end":{"line":46,"column":36}},"loc":{"start":{"line":46,"column":40},"end":{"line":46,"column":54}},"line":46},"4":{"name":"(anonymous_4)","decl":{"start":{"line":58,"column":21},"end":{"line":58,"column":22}},"loc":{"start":{"line":58,"column":26},"end":{"line":61,"column":5}},"line":58},"5":{"name":"(anonymous_5)","decl":{"start":{"line":72,"column":39},"end":{"line":72,"column":40}},"loc":{"start":{"line":72,"column":44},"end":{"line":79,"column":5}},"line":72},"6":{"name":"(anonymous_6)","decl":{"start":{"line":83,"column":45},"end":{"line":83,"column":46}},"loc":{"start":{"line":83,"column":57},"end":{"line":83,"column":75}},"line":83},"7":{"name":"(anonymous_7)","decl":{"start":{"line":98,"column":46},"end":{"line":98,"column":47}},"loc":{"start":{"line":98,"column":51},"end":{"line":105,"column":5}},"line":98},"8":{"name":"(anonymous_8)","decl":{"start":{"line":117,"column":28},"end":{"line":117,"column":29}},"loc":{"start":{"line":117,"column":48},"end":{"line":151,"column":1}},"line":117}},"branchMap":{"0":{"loc":{"start":{"line":24,"column":4},"end":{"line":29,"column":5}},"type":"if","locations":[{"start":{"line":24,"column":4},"end":{"line":29,"column":5}},{"start":{"line":26,"column":11},"end":{"line":29,"column":5}}],"line":24},"1":{"loc":{"start":{"line":65,"column":6},"end":{"line":68,"column":7}},"type":"if","locations":[{"start":{"line":65,"column":6},"end":{"line":68,"column":7}},{"start":{},"end":{}}],"line":65},"2":{"loc":{"start":{"line":134,"column":4},"end":{"line":138,"column":5}},"type":"if","locations":[{"start":{"line":134,"column":4},"end":{"line":138,"column":5}},{"start":{},"end":{}}],"line":134}},"s":{"0":1,"1":1,"2":1,"3":0,"4":0,"5":0,"6":0,"7":0,"8":0,"9":0,"10":1,"11":0,"12":0,"13":0,"14":0,"15":0,"16":0,"17":0,"18":0,"19":0,"20":0,"21":0,"22":1,"23":0,"24":0,"25":0,"26":0,"27":0,"28":0,"29":0,"30":0,"31":0,"32":0,"33":0,"34":0,"35":0,"36":0,"37":0,"38":0,"39":0,"40":0,"41":0,"42":0,"43":0,"44":0,"45":0,"46":0,"47":0,"48":0,"49":0,"50":0,"51":0,"52":0,"53":0,"54":0,"55":0,"56":0,"57":0,"58":0,"59":1,"60":0,"61":0,"62":0,"63":0,"64":0,"65":0,"66":0,"67":0,"68":0,"69":0,"70":0,"71":0,"72":0,"73":0,"74":0,"75":0,"76":0,"77":0,"78":0,"79":0,"80":0,"81":0,"82":0,"83":1},"f":{"0":0,"1":0,"2":0,"3":0,"4":0,"5":0,"6":0,"7":0,"8":0},"b":{"0":[0,0],"1":[0,0],"2":[0,0]},"_coverageSchema":"1a1c01bbd47fc00a2c39e90264f33305004495a9","hash":"95dbc057d32556bcad7d78635139e6d7a7de9221"}
,"C:\\Users\\adminpe\\Desktop\\Nouveau dossier\\nodeJS\\api\\api-postgres\\controllers\\productController.js": {"path":"C:\\Users\\adminpe\\Desktop\\Nouveau dossier\\nodeJS\\api\\api-postgres\\controllers\\productController.js","statementMap":{"0":{"start":{"line":1,"column":21},"end":{"line":1,"column":54}},"1":{"start":{"line":2,"column":13},"end":{"line":2,"column":29}},"2":{"start":{"line":5,"column":23},"end":{"line":13,"column":1}},"3":{"start":{"line":6,"column":2},"end":{"line":12,"column":3}},"4":{"start":{"line":7,"column":21},"end":{"line":7,"column":56}},"5":{"start":{"line":8,"column":4},"end":{"line":8,"column":35}},"6":{"start":{"line":10,"column":4},"end":{"line":10,"column":71}},"7":{"start":{"line":11,"column":4},"end":{"line":11,"column":54}},"8":{"start":{"line":16,"column":23},"end":{"line":28,"column":1}},"9":{"start":{"line":17,"column":17},"end":{"line":17,"column":27}},"10":{"start":{"line":18,"column":2},"end":{"line":27,"column":3}},"11":{"start":{"line":19,"column":20},"end":{"line":19,"column":57}},"12":{"start":{"line":20,"column":4},"end":{"line":22,"column":5}},"13":{"start":{"line":21,"column":6},"end":{"line":21,"column":67}},"14":{"start":{"line":23,"column":4},"end":{"line":23,"column":22}},"15":{"start":{"line":25,"column":4},"end":{"line":25,"column":69}},"16":{"start":{"line":26,"column":4},"end":{"line":26,"column":54}},"17":{"start":{"line":30,"column":22},"end":{"line":63,"column":1}},"18":{"start":{"line":31,"column":19},"end":{"line":31,"column":27}},"19":{"start":{"line":33,"column":2},"end":{"line":35,"column":3}},"20":{"start":{"line":34,"column":4},"end":{"line":34,"column":106}},"21":{"start":{"line":37,"column":2},"end":{"line":62,"column":3}},"22":{"start":{"line":38,"column":24},"end":{"line":38,"column":26}},"23":{"start":{"line":40,"column":4},"end":{"line":56,"column":5}},"24":{"start":{"line":41,"column":63},"end":{"line":41,"column":70}},"25":{"start":{"line":43,"column":6},"end":{"line":45,"column":7}},"26":{"start":{"line":44,"column":8},"end":{"line":44,"column":95}},"27":{"start":{"line":48,"column":24},"end":{"line":48,"column":94}},"28":{"start":{"line":49,"column":6},"end":{"line":51,"column":7}},"29":{"start":{"line":50,"column":8},"end":{"line":50,"column":98}},"30":{"start":{"line":54,"column":25},"end":{"line":54,"column":107}},"31":{"start":{"line":55,"column":6},"end":{"line":55,"column":35}},"32":{"start":{"line":58,"column":4},"end":{"line":58,"column":38}},"33":{"start":{"line":60,"column":4},"end":{"line":60,"column":67}},"34":{"start":{"line":61,"column":4},"end":{"line":61,"column":54}},"35":{"start":{"line":67,"column":22},"end":{"line":94,"column":1}},"36":{"start":{"line":68,"column":63},"end":{"line":68,"column":71}},"37":{"start":{"line":71,"column":2},"end":{"line":76,"column":3}},"38":{"start":{"line":72,"column":22},"end":{"line":72,"column":92}},"39":{"start":{"line":73,"column":4},"end":{"line":75,"column":5}},"40":{"start":{"line":74,"column":6},"end":{"line":74,"column":87}},"41":{"start":{"line":78,"column":2},"end":{"line":93,"column":3}},"42":{"start":{"line":79,"column":4},"end":{"line":79,"column":55}},"43":{"start":{"line":81,"column":20},"end":{"line":81,"column":102}},"44":{"start":{"line":83,"column":4},"end":{"line":83,"column":57}},"45":{"start":{"line":85,"column":4},"end":{"line":87,"column":5}},"46":{"start":{"line":86,"column":6},"end":{"line":86,"column":67}},"47":{"start":{"line":89,"column":4},"end":{"line":89,"column":22}},"48":{"start":{"line":91,"column":4},"end":{"line":91,"column":69}},"49":{"start":{"line":92,"column":4},"end":{"line":92,"column":54}},"50":{"start":{"line":98,"column":22},"end":{"line":112,"column":1}},"51":{"start":{"line":99,"column":17},"end":{"line":99,"column":27}},"52":{"start":{"line":100,"column":2},"end":{"line":111,"column":3}},"53":{"start":{"line":101,"column":20},"end":{"line":101,"column":56}},"54":{"start":{"line":103,"column":4},"end":{"line":105,"column":5}},"55":{"start":{"line":104,"column":6},"end":{"line":104,"column":67}},"56":{"start":{"line":107,"column":4},"end":{"line":107,"column":70}},"57":{"start":{"line":109,"column":4},"end":{"line":109,"column":68}},"58":{"start":{"line":110,"column":4},"end":{"line":110,"column":54}},"59":{"start":{"line":114,"column":26},"end":{"line":131,"column":1}},"60":{"start":{"line":115,"column":19},"end":{"line":115,"column":29}},"61":{"start":{"line":116,"column":2},"end":{"line":130,"column":3}},"62":{"start":{"line":118,"column":19},"end":{"line":118,"column":61}},"63":{"start":{"line":121,"column":4},"end":{"line":123,"column":5}},"64":{"start":{"line":122,"column":6},"end":{"line":122,"column":82}},"65":{"start":{"line":126,"column":4},"end":{"line":126,"column":38}},"66":{"start":{"line":128,"column":4},"end":{"line":128,"column":80}},"67":{"start":{"line":129,"column":4},"end":{"line":129,"column":54}},"68":{"start":{"line":133,"column":0},"end":{"line":140,"column":2}}},"fnMap":{"0":{"name":"(anonymous_0)","decl":{"start":{"line":5,"column":23},"end":{"line":5,"column":24}},"loc":{"start":{"line":5,"column":43},"end":{"line":13,"column":1}},"line":5},"1":{"name":"(anonymous_1)","decl":{"start":{"line":16,"column":23},"end":{"line":16,"column":24}},"loc":{"start":{"line":16,"column":43},"end":{"line":28,"column":1}},"line":16},"2":{"name":"(anonymous_2)","decl":{"start":{"line":30,"column":22},"end":{"line":30,"column":23}},"loc":{"start":{"line":30,"column":42},"end":{"line":63,"column":1}},"line":30},"3":{"name":"(anonymous_3)","decl":{"start":{"line":67,"column":22},"end":{"line":67,"column":23}},"loc":{"start":{"line":67,"column":42},"end":{"line":94,"column":1}},"line":67},"4":{"name":"(anonymous_4)","decl":{"start":{"line":98,"column":22},"end":{"line":98,"column":23}},"loc":{"start":{"line":98,"column":42},"end":{"line":112,"column":1}},"line":98},"5":{"name":"(anonymous_5)","decl":{"start":{"line":114,"column":26},"end":{"line":114,"column":27}},"loc":{"start":{"line":114,"column":46},"end":{"line":131,"column":1}},"line":114}},"branchMap":{"0":{"loc":{"start":{"line":20,"column":4},"end":{"line":22,"column":5}},"type":"if","locations":[{"start":{"line":20,"column":4},"end":{"line":22,"column":5}},{"start":{},"end":{}}],"line":20},"1":{"loc":{"start":{"line":33,"column":2},"end":{"line":35,"column":3}},"type":"if","locations":[{"start":{"line":33,"column":2},"end":{"line":35,"column":3}},{"start":{},"end":{}}],"line":33},"2":{"loc":{"start":{"line":33,"column":6},"end":{"line":33,"column":55}},"type":"binary-expr","locations":[{"start":{"line":33,"column":6},"end":{"line":33,"column":30}},{"start":{"line":33,"column":34},"end":{"line":33,"column":55}}],"line":33},"3":{"loc":{"start":{"line":43,"column":6},"end":{"line":45,"column":7}},"type":"if","locations":[{"start":{"line":43,"column":6},"end":{"line":45,"column":7}},{"start":{},"end":{}}],"line":43},"4":{"loc":{"start":{"line":49,"column":6},"end":{"line":51,"column":7}},"type":"if","locations":[{"start":{"line":49,"column":6},"end":{"line":51,"column":7}},{"start":{},"end":{}}],"line":49},"5":{"loc":{"start":{"line":71,"column":2},"end":{"line":76,"column":3}},"type":"if","locations":[{"start":{"line":71,"column":2},"end":{"line":76,"column":3}},{"start":{},"end":{}}],"line":71},"6":{"loc":{"start":{"line":73,"column":4},"end":{"line":75,"column":5}},"type":"if","locations":[{"start":{"line":73,"column":4},"end":{"line":75,"column":5}},{"start":{},"end":{}}],"line":73},"7":{"loc":{"start":{"line":85,"column":4},"end":{"line":87,"column":5}},"type":"if","locations":[{"start":{"line":85,"column":4},"end":{"line":87,"column":5}},{"start":{},"end":{}}],"line":85},"8":{"loc":{"start":{"line":85,"column":8},"end":{"line":85,"column":53}},"type":"binary-expr","locations":[{"start":{"line":85,"column":8},"end":{"line":85,"column":16}},{"start":{"line":85,"column":20},"end":{"line":85,"column":53}}],"line":85},"9":{"loc":{"start":{"line":103,"column":4},"end":{"line":105,"column":5}},"type":"if","locations":[{"start":{"line":103,"column":4},"end":{"line":105,"column":5}},{"start":{},"end":{}}],"line":103},"10":{"loc":{"start":{"line":121,"column":4},"end":{"line":123,"column":5}},"type":"if","locations":[{"start":{"line":121,"column":4},"end":{"line":123,"column":5}},{"start":{},"end":{}}],"line":121}},"s":{"0":1,"1":1,"2":1,"3":1,"4":1,"5":1,"6":0,"7":0,"8":1,"9":0,"10":0,"11":0,"12":0,"13":0,"14":0,"15":0,"16":0,"17":1,"18":1,"19":1,"20":0,"21":1,"22":1,"23":1,"24":1,"25":1,"26":0,"27":1,"28":1,"29":0,"30":1,"31":1,"32":1,"33":0,"34":0,"35":1,"36":1,"37":1,"38":1,"39":1,"40":0,"41":1,"42":1,"43":1,"44":1,"45":1,"46":0,"47":1,"48":0,"49":0,"50":1,"51":1,"52":1,"53":1,"54":0,"55":0,"56":0,"57":1,"58":1,"59":1,"60":1,"61":1,"62":1,"63":1,"64":0,"65":1,"66":0,"67":0,"68":1},"f":{"0":1,"1":0,"2":1,"3":1,"4":1,"5":1},"b":{"0":[0,0],"1":[0,1],"2":[1,1],"3":[0,1],"4":[0,1],"5":[1,0],"6":[0,1],"7":[0,1],"8":[1,1],"9":[0,0],"10":[0,1]},"_coverageSchema":"1a1c01bbd47fc00a2c39e90264f33305004495a9","hash":"17f600bac2402af5a6a15c90d0e551abddbfd9e1"}
,"C:\\Users\\adminpe\\Desktop\\Nouveau dossier\\nodeJS\\api\\api-postgres\\controllers\\typeProductsController.js": {"path":"C:\\Users\\adminpe\\Desktop\\Nouveau dossier\\nodeJS\\api\\api-postgres\\controllers\\typeProductsController.js","statementMap":{"0":{"start":{"line":2,"column":26},"end":{"line":2,"column":65}},"1":{"start":{"line":5,"column":27},"end":{"line":13,"column":1}},"2":{"start":{"line":6,"column":2},"end":{"line":12,"column":3}},"3":{"start":{"line":7,"column":19},"end":{"line":7,"column":63}},"4":{"start":{"line":8,"column":4},"end":{"line":8,"column":26}},"5":{"start":{"line":10,"column":4},"end":{"line":10,"column":67}},"6":{"start":{"line":11,"column":4},"end":{"line":11,"column":54}},"7":{"start":{"line":16,"column":28},"end":{"line":28,"column":1}},"8":{"start":{"line":17,"column":17},"end":{"line":17,"column":27}},"9":{"start":{"line":18,"column":2},"end":{"line":27,"column":3}},"10":{"start":{"line":19,"column":19},"end":{"line":19,"column":66}},"11":{"start":{"line":20,"column":4},"end":{"line":22,"column":5}},"12":{"start":{"line":21,"column":6},"end":{"line":21,"column":64}},"13":{"start":{"line":23,"column":4},"end":{"line":23,"column":29}},"14":{"start":{"line":25,"column":4},"end":{"line":25,"column":66}},"15":{"start":{"line":26,"column":4},"end":{"line":26,"column":54}},"16":{"start":{"line":31,"column":27},"end":{"line":44,"column":1}},"17":{"start":{"line":32,"column":24},"end":{"line":32,"column":32}},"18":{"start":{"line":33,"column":2},"end":{"line":35,"column":3}},"19":{"start":{"line":34,"column":4},"end":{"line":34,"column":72}},"20":{"start":{"line":37,"column":2},"end":{"line":43,"column":3}},"21":{"start":{"line":38,"column":19},"end":{"line":38,"column":72}},"22":{"start":{"line":39,"column":4},"end":{"line":39,"column":41}},"23":{"start":{"line":41,"column":4},"end":{"line":41,"column":62}},"24":{"start":{"line":42,"column":4},"end":{"line":42,"column":54}},"25":{"start":{"line":47,"column":27},"end":{"line":59,"column":1}},"26":{"start":{"line":48,"column":17},"end":{"line":48,"column":27}},"27":{"start":{"line":49,"column":2},"end":{"line":58,"column":3}},"28":{"start":{"line":50,"column":19},"end":{"line":50,"column":65}},"29":{"start":{"line":51,"column":4},"end":{"line":53,"column":5}},"30":{"start":{"line":52,"column":6},"end":{"line":52,"column":64}},"31":{"start":{"line":54,"column":4},"end":{"line":54,"column":55}},"32":{"start":{"line":56,"column":4},"end":{"line":56,"column":65}},"33":{"start":{"line":57,"column":4},"end":{"line":57,"column":54}},"34":{"start":{"line":61,"column":0},"end":{"line":66,"column":2}}},"fnMap":{"0":{"name":"(anonymous_0)","decl":{"start":{"line":5,"column":27},"end":{"line":5,"column":28}},"loc":{"start":{"line":5,"column":47},"end":{"line":13,"column":1}},"line":5},"1":{"name":"(anonymous_1)","decl":{"start":{"line":16,"column":28},"end":{"line":16,"column":29}},"loc":{"start":{"line":16,"column":48},"end":{"line":28,"column":1}},"line":16},"2":{"name":"(anonymous_2)","decl":{"start":{"line":31,"column":27},"end":{"line":31,"column":28}},"loc":{"start":{"line":31,"column":47},"end":{"line":44,"column":1}},"line":31},"3":{"name":"(anonymous_3)","decl":{"start":{"line":47,"column":27},"end":{"line":47,"column":28}},"loc":{"start":{"line":47,"column":47},"end":{"line":59,"column":1}},"line":47}},"branchMap":{"0":{"loc":{"start":{"line":20,"column":4},"end":{"line":22,"column":5}},"type":"if","locations":[{"start":{"line":20,"column":4},"end":{"line":22,"column":5}},{"start":{},"end":{}}],"line":20},"1":{"loc":{"start":{"line":33,"column":2},"end":{"line":35,"column":3}},"type":"if","locations":[{"start":{"line":33,"column":2},"end":{"line":35,"column":3}},{"start":{},"end":{}}],"line":33},"2":{"loc":{"start":{"line":51,"column":4},"end":{"line":53,"column":5}},"type":"if","locations":[{"start":{"line":51,"column":4},"end":{"line":53,"column":5}},{"start":{},"end":{}}],"line":51}},"s":{"0":1,"1":1,"2":0,"3":0,"4":0,"5":0,"6":0,"7":1,"8":0,"9":0,"10":0,"11":0,"12":0,"13":0,"14":0,"15":0,"16":1,"17":0,"18":0,"19":0,"20":0,"21":0,"22":0,"23":0,"24":0,"25":1,"26":0,"27":0,"28":0,"29":0,"30":0,"31":0,"32":0,"33":0,"34":1},"f":{"0":0,"1":0,"2":0,"3":0},"b":{"0":[0,0],"1":[0,0],"2":[0,0]},"_coverageSchema":"1a1c01bbd47fc00a2c39e90264f33305004495a9","hash":"ed70ee74ab5feaab117c66d862317e3e154c6dc2"}
,"C:\\Users\\adminpe\\Desktop\\Nouveau dossier\\nodeJS\\api\\api-postgres\\middleware\\authMiddleware.js": {"path":"C:\\Users\\adminpe\\Desktop\\Nouveau dossier\\nodeJS\\api\\api-postgres\\middleware\\authMiddleware.js","statementMap":{"0":{"start":{"line":2,"column":12},"end":{"line":2,"column":35}},"1":{"start":{"line":5,"column":26},"end":{"line":22,"column":1}},"2":{"start":{"line":6,"column":16},"end":{"line":6,"column":59}},"3":{"start":{"line":8,"column":2},"end":{"line":10,"column":3}},"4":{"start":{"line":9,"column":4},"end":{"line":9,"column":73}},"5":{"start":{"line":13,"column":2},"end":{"line":21,"column":5}},"6":{"start":{"line":14,"column":4},"end":{"line":16,"column":5}},"7":{"start":{"line":15,"column":6},"end":{"line":15,"column":73}},"8":{"start":{"line":19,"column":4},"end":{"line":19,"column":20}},"9":{"start":{"line":20,"column":4},"end":{"line":20,"column":11}},"10":{"start":{"line":24,"column":0},"end":{"line":24,"column":39}}},"fnMap":{"0":{"name":"(anonymous_0)","decl":{"start":{"line":5,"column":26},"end":{"line":5,"column":27}},"loc":{"start":{"line":5,"column":46},"end":{"line":22,"column":1}},"line":5},"1":{"name":"(anonymous_1)","decl":{"start":{"line":13,"column":44},"end":{"line":13,"column":45}},"loc":{"start":{"line":13,"column":59},"end":{"line":21,"column":3}},"line":13}},"branchMap":{"0":{"loc":{"start":{"line":8,"column":2},"end":{"line":10,"column":3}},"type":"if","locations":[{"start":{"line":8,"column":2},"end":{"line":10,"column":3}},{"start":{},"end":{}}],"line":8},"1":{"loc":{"start":{"line":14,"column":4},"end":{"line":16,"column":5}},"type":"if","locations":[{"start":{"line":14,"column":4},"end":{"line":16,"column":5}},{"start":{},"end":{}}],"line":14}},"s":{"0":1,"1":1,"2":0,"3":0,"4":0,"5":0,"6":0,"7":0,"8":0,"9":0,"10":1},"f":{"0":0,"1":0},"b":{"0":[0,0],"1":[0,0]},"_coverageSchema":"1a1c01bbd47fc00a2c39e90264f33305004495a9","hash":"dd47dc865a90f0dd07cb7862101c5497a07f4df2"}
,"C:\\Users\\adminpe\\Desktop\\Nouveau dossier\\nodeJS\\api\\api-postgres\\middleware\\authorizeRole.js": {"path":"C:\\Users\\adminpe\\Desktop\\Nouveau dossier\\nodeJS\\api\\api-postgres\\middleware\\authorizeRole.js","statementMap":{"0":{"start":{"line":4,"column":22},"end":{"line":12,"column":3}},"1":{"start":{"line":5,"column":4},"end":{"line":11,"column":6}},"2":{"start":{"line":7,"column":6},"end":{"line":9,"column":7}},"3":{"start":{"line":8,"column":8},"end":{"line":8,"column":82}},"4":{"start":{"line":10,"column":6},"end":{"line":10,"column":13}},"5":{"start":{"line":14,"column":2},"end":{"line":14,"column":33}}},"fnMap":{"0":{"name":"(anonymous_0)","decl":{"start":{"line":4,"column":22},"end":{"line":4,"column":23}},"loc":{"start":{"line":4,"column":43},"end":{"line":12,"column":3}},"line":4},"1":{"name":"(anonymous_1)","decl":{"start":{"line":5,"column":11},"end":{"line":5,"column":12}},"loc":{"start":{"line":5,"column":31},"end":{"line":11,"column":5}},"line":5}},"branchMap":{"0":{"loc":{"start":{"line":7,"column":6},"end":{"line":9,"column":7}},"type":"if","locations":[{"start":{"line":7,"column":6},"end":{"line":9,"column":7}},{"start":{},"end":{}}],"line":7},"1":{"loc":{"start":{"line":7,"column":10},"end":{"line":7,"column":60}},"type":"binary-expr","locations":[{"start":{"line":7,"column":10},"end":{"line":7,"column":19}},{"start":{"line":7,"column":23},"end":{"line":7,"column":60}}],"line":7}},"s":{"0":1,"1":0,"2":0,"3":0,"4":0,"5":1},"f":{"0":0,"1":0},"b":{"0":[0,0],"1":[0,0]},"_coverageSchema":"1a1c01bbd47fc00a2c39e90264f33305004495a9","hash":"4f5d1825a3592c0b5e9b8663e543c0e84e5cd415"}
,"C:\\Users\\adminpe\\Desktop\\Nouveau dossier\\nodeJS\\api\\api-postgres\\models\\commandModel.js": {"path":"C:\\Users\\adminpe\\Desktop\\Nouveau dossier\\nodeJS\\api\\api-postgres\\models\\commandModel.js","statementMap":{"0":{"start":{"line":1,"column":13},"end":{"line":1,"column":29}},"1":{"start":{"line":4,"column":23},"end":{"line":13,"column":1}},"2":{"start":{"line":5,"column":16},"end":{"line":10,"column":3}},"3":{"start":{"line":11,"column":17},"end":{"line":11,"column":40}},"4":{"start":{"line":12,"column":2},"end":{"line":12,"column":21}},"5":{"start":{"line":16,"column":23},"end":{"line":26,"column":1}},"6":{"start":{"line":17,"column":16},"end":{"line":23,"column":3}},"7":{"start":{"line":24,"column":17},"end":{"line":24,"column":46}},"8":{"start":{"line":25,"column":2},"end":{"line":25,"column":21}},"9":{"start":{"line":29,"column":19},"end":{"line":75,"column":1}},"10":{"start":{"line":31,"column":26},"end":{"line":34,"column":3}},"11":{"start":{"line":35,"column":19},"end":{"line":35,"column":74}},"12":{"start":{"line":36,"column":21},"end":{"line":36,"column":39}},"13":{"start":{"line":38,"column":19},"end":{"line":38,"column":20}},"14":{"start":{"line":39,"column":28},"end":{"line":42,"column":3}},"15":{"start":{"line":44,"column":2},"end":{"line":66,"column":3}},"16":{"start":{"line":45,"column":39},"end":{"line":45,"column":45}},"17":{"start":{"line":48,"column":23},"end":{"line":48,"column":99}},"18":{"start":{"line":50,"column":4},"end":{"line":52,"column":5}},"19":{"start":{"line":51,"column":6},"end":{"line":51,"column":71}},"20":{"start":{"line":54,"column":26},"end":{"line":54,"column":50}},"21":{"start":{"line":55,"column":23},"end":{"line":55,"column":47}},"22":{"start":{"line":57,"column":4},"end":{"line":63,"column":7}},"23":{"start":{"line":65,"column":4},"end":{"line":65,"column":29}},"24":{"start":{"line":69,"column":2},"end":{"line":72,"column":4}},"25":{"start":{"line":74,"column":2},"end":{"line":74,"column":63}},"26":{"start":{"line":78,"column":28},"end":{"line":87,"column":1}},"27":{"start":{"line":79,"column":16},"end":{"line":84,"column":3}},"28":{"start":{"line":85,"column":17},"end":{"line":85,"column":65}},"29":{"start":{"line":86,"column":2},"end":{"line":86,"column":24}},"30":{"start":{"line":89,"column":0},"end":{"line":94,"column":2}}},"fnMap":{"0":{"name":"(anonymous_0)","decl":{"start":{"line":4,"column":23},"end":{"line":4,"column":24}},"loc":{"start":{"line":4,"column":35},"end":{"line":13,"column":1}},"line":4},"1":{"name":"(anonymous_1)","decl":{"start":{"line":16,"column":23},"end":{"line":16,"column":24}},"loc":{"start":{"line":16,"column":37},"end":{"line":26,"column":1}},"line":16},"2":{"name":"(anonymous_2)","decl":{"start":{"line":29,"column":19},"end":{"line":29,"column":20}},"loc":{"start":{"line":29,"column":58},"end":{"line":75,"column":1}},"line":29},"3":{"name":"(anonymous_3)","decl":{"start":{"line":78,"column":28},"end":{"line":78,"column":29}},"loc":{"start":{"line":78,"column":61},"end":{"line":87,"column":1}},"line":78}},"branchMap":{"0":{"loc":{"start":{"line":50,"column":4},"end":{"line":52,"column":5}},"type":"if","locations":[{"start":{"line":50,"column":4},"end":{"line":52,"column":5}},{"start":{},"end":{}}],"line":50}},"s":{"0":1,"1":1,"2":0,"3":0,"4":0,"5":1,"6":0,"7":0,"8":0,"9":1,"10":0,"11":0,"12":0,"13":0,"14":0,"15":0,"16":0,"17":0,"18":0,"19":0,"20":0,"21":0,"22":0,"23":0,"24":0,"25":0,"26":1,"27":0,"28":0,"29":0,"30":1},"f":{"0":0,"1":0,"2":0,"3":0},"b":{"0":[0,0]},"_coverageSchema":"1a1c01bbd47fc00a2c39e90264f33305004495a9","hash":"25d20805cf8ea3df4880c1f6a590648a88b3a664"}
,"C:\\Users\\adminpe\\Desktop\\Nouveau dossier\\nodeJS\\api\\api-postgres\\models\\productModel.js": {"path":"C:\\Users\\adminpe\\Desktop\\Nouveau dossier\\nodeJS\\api\\api-postgres\\models\\productModel.js","statementMap":{"0":{"start":{"line":2,"column":13},"end":{"line":2,"column":29}},"1":{"start":{"line":5,"column":23},"end":{"line":7,"column":1}},"2":{"start":{"line":6,"column":2},"end":{"line":6,"column":62}},"3":{"start":{"line":10,"column":23},"end":{"line":12,"column":1}},"4":{"start":{"line":11,"column":2},"end":{"line":11,"column":66}},"5":{"start":{"line":15,"column":22},"end":{"line":22,"column":1}},"6":{"start":{"line":16,"column":17},"end":{"line":20,"column":3}},"7":{"start":{"line":21,"column":2},"end":{"line":21,"column":24}},"8":{"start":{"line":25,"column":22},"end":{"line":30,"column":1}},"9":{"start":{"line":26,"column":2},"end":{"line":29,"column":4}},"10":{"start":{"line":33,"column":22},"end":{"line":35,"column":1}},"11":{"start":{"line":34,"column":2},"end":{"line":34,"column":76}},"12":{"start":{"line":38,"column":26},"end":{"line":40,"column":1}},"13":{"start":{"line":39,"column":2},"end":{"line":39,"column":70}},"14":{"start":{"line":42,"column":0},"end":{"line":49,"column":2}}},"fnMap":{"0":{"name":"(anonymous_0)","decl":{"start":{"line":5,"column":23},"end":{"line":5,"column":24}},"loc":{"start":{"line":5,"column":29},"end":{"line":7,"column":1}},"line":5},"1":{"name":"(anonymous_1)","decl":{"start":{"line":10,"column":23},"end":{"line":10,"column":24}},"loc":{"start":{"line":10,"column":31},"end":{"line":12,"column":1}},"line":10},"2":{"name":"(anonymous_2)","decl":{"start":{"line":15,"column":22},"end":{"line":15,"column":23}},"loc":{"start":{"line":15,"column":82},"end":{"line":22,"column":1}},"line":15},"3":{"name":"(anonymous_3)","decl":{"start":{"line":25,"column":22},"end":{"line":25,"column":23}},"loc":{"start":{"line":25,"column":69},"end":{"line":30,"column":1}},"line":25},"4":{"name":"(anonymous_4)","decl":{"start":{"line":33,"column":22},"end":{"line":33,"column":23}},"loc":{"start":{"line":33,"column":30},"end":{"line":35,"column":1}},"line":33},"5":{"name":"(anonymous_5)","decl":{"start":{"line":38,"column":26},"end":{"line":38,"column":27}},"loc":{"start":{"line":38,"column":36},"end":{"line":40,"column":1}},"line":38}},"branchMap":{},"s":{"0":1,"1":1,"2":1,"3":1,"4":0,"5":1,"6":1,"7":1,"8":1,"9":1,"10":1,"11":1,"12":1,"13":1,"14":1},"f":{"0":1,"1":0,"2":1,"3":1,"4":1,"5":1},"b":{},"_coverageSchema":"1a1c01bbd47fc00a2c39e90264f33305004495a9","hash":"91465c604e9cd5068aa51fea29598bf687be8b6c"}
,"C:\\Users\\adminpe\\Desktop\\Nouveau dossier\\nodeJS\\api\\api-postgres\\models\\typeProductsModele.js": {"path":"C:\\Users\\adminpe\\Desktop\\Nouveau dossier\\nodeJS\\api\\api-postgres\\models\\typeProductsModele.js","statementMap":{"0":{"start":{"line":1,"column":13},"end":{"line":1,"column":29}},"1":{"start":{"line":4,"column":27},"end":{"line":6,"column":1}},"2":{"start":{"line":5,"column":2},"end":{"line":5,"column":98}},"3":{"start":{"line":9,"column":27},"end":{"line":11,"column":1}},"4":{"start":{"line":10,"column":2},"end":{"line":10,"column":51}},"5":{"start":{"line":14,"column":28},"end":{"line":16,"column":1}},"6":{"start":{"line":15,"column":2},"end":{"line":15,"column":71}},"7":{"start":{"line":18,"column":27},"end":{"line":20,"column":3}},"8":{"start":{"line":19,"column":4},"end":{"line":19,"column":83}},"9":{"start":{"line":22,"column":0},"end":{"line":28,"column":2}}},"fnMap":{"0":{"name":"(anonymous_0)","decl":{"start":{"line":4,"column":27},"end":{"line":4,"column":28}},"loc":{"start":{"line":4,"column":42},"end":{"line":6,"column":1}},"line":4},"1":{"name":"(anonymous_1)","decl":{"start":{"line":9,"column":27},"end":{"line":9,"column":28}},"loc":{"start":{"line":9,"column":33},"end":{"line":11,"column":1}},"line":9},"2":{"name":"(anonymous_2)","decl":{"start":{"line":14,"column":28},"end":{"line":14,"column":29}},"loc":{"start":{"line":14,"column":36},"end":{"line":16,"column":1}},"line":14},"3":{"name":"(anonymous_3)","decl":{"start":{"line":18,"column":27},"end":{"line":18,"column":28}},"loc":{"start":{"line":18,"column":35},"end":{"line":20,"column":3}},"line":18}},"branchMap":{},"s":{"0":1,"1":1,"2":0,"3":1,"4":0,"5":1,"6":0,"7":1,"8":0,"9":1},"f":{"0":0,"1":0,"2":0,"3":0},"b":{},"_coverageSchema":"1a1c01bbd47fc00a2c39e90264f33305004495a9","hash":"cb39d13d724fb9b08ef883dc1dccde88799dcda5"}
,"C:\\Users\\adminpe\\Desktop\\Nouveau dossier\\nodeJS\\api\\api-postgres\\models\\userModel.js": {"path":"C:\\Users\\adminpe\\Desktop\\Nouveau dossier\\nodeJS\\api\\api-postgres\\models\\userModel.js","statementMap":{"0":{"start":{"line":1,"column":11},"end":{"line":1,"column":27}},"1":{"start":{"line":4,"column":19},"end":{"line":12,"column":1}},"2":{"start":{"line":5,"column":17},"end":{"line":10,"column":3}},"3":{"start":{"line":11,"column":2},"end":{"line":11,"column":16}},"4":{"start":{"line":15,"column":22},"end":{"line":21,"column":1}},"5":{"start":{"line":16,"column":17},"end":{"line":19,"column":3}},"6":{"start":{"line":20,"column":2},"end":{"line":20,"column":16}},"7":{"start":{"line":24,"column":20},"end":{"line":29,"column":1}},"8":{"start":{"line":25,"column":17},"end":{"line":27,"column":3}},"9":{"start":{"line":28,"column":2},"end":{"line":28,"column":16}},"10":{"start":{"line":32,"column":23},"end":{"line":41,"column":1}},"11":{"start":{"line":33,"column":17},"end":{"line":39,"column":3}},"12":{"start":{"line":40,"column":2},"end":{"line":40,"column":24}},"13":{"start":{"line":44,"column":0},"end":{"line":49,"column":2}}},"fnMap":{"0":{"name":"(anonymous_0)","decl":{"start":{"line":4,"column":19},"end":{"line":4,"column":20}},"loc":{"start":{"line":4,"column":68},"end":{"line":12,"column":1}},"line":4},"1":{"name":"(anonymous_1)","decl":{"start":{"line":15,"column":22},"end":{"line":15,"column":23}},"loc":{"start":{"line":15,"column":38},"end":{"line":21,"column":1}},"line":15},"2":{"name":"(anonymous_2)","decl":{"start":{"line":24,"column":20},"end":{"line":24,"column":21}},"loc":{"start":{"line":24,"column":32},"end":{"line":29,"column":1}},"line":24},"3":{"name":"(anonymous_3)","decl":{"start":{"line":32,"column":23},"end":{"line":32,"column":24}},"loc":{"start":{"line":32,"column":43},"end":{"line":41,"column":1}},"line":32}},"branchMap":{},"s":{"0":1,"1":1,"2":0,"3":0,"4":1,"5":0,"6":0,"7":1,"8":0,"9":0,"10":1,"11":0,"12":0,"13":1},"f":{"0":0,"1":0,"2":0,"3":0},"b":{},"_coverageSchema":"1a1c01bbd47fc00a2c39e90264f33305004495a9","hash":"de48b00ed3a04abe67f2dcdf48ef48d95856e7cc"}
,"C:\\Users\\adminpe\\Desktop\\Nouveau dossier\\nodeJS\\api\\api-postgres\\routes\\commandRoutes.js": {"path":"C:\\Users\\adminpe\\Desktop\\Nouveau dossier\\nodeJS\\api\\api-postgres\\routes\\commandRoutes.js","statementMap":{"0":{"start":{"line":1,"column":16},"end":{"line":1,"column":34}},"1":{"start":{"line":2,"column":15},"end":{"line":2,"column":31}},"2":{"start":{"line":3,"column":26},"end":{"line":3,"column":69}},"3":{"start":{"line":4,"column":30},"end":{"line":4,"column":69}},"4":{"start":{"line":5,"column":22},"end":{"line":5,"column":60}},"5":{"start":{"line":7,"column":0},"end":{"line":7,"column":50}},"6":{"start":{"line":8,"column":0},"end":{"line":8,"column":53}},"7":{"start":{"line":9,"column":0},"end":{"line":9,"column":47}},"8":{"start":{"line":10,"column":0},"end":{"line":10,"column":61}},"9":{"start":{"line":11,"column":0},"end":{"line":11,"column":24}}},"fnMap":{},"branchMap":{},"s":{"0":1,"1":1,"2":1,"3":1,"4":1,"5":1,"6":1,"7":1,"8":1,"9":1},"f":{},"b":{},"_coverageSchema":"1a1c01bbd47fc00a2c39e90264f33305004495a9","hash":"5fd338a341541a9b0a5953dec16a13c309746f54"}
,"C:\\Users\\adminpe\\Desktop\\Nouveau dossier\\nodeJS\\api\\api-postgres\\routes\\productRoutes.js": {"path":"C:\\Users\\adminpe\\Desktop\\Nouveau dossier\\nodeJS\\api\\api-postgres\\routes\\productRoutes.js","statementMap":{"0":{"start":{"line":1,"column":16},"end":{"line":1,"column":34}},"1":{"start":{"line":2,"column":15},"end":{"line":2,"column":31}},"2":{"start":{"line":3,"column":26},"end":{"line":3,"column":69}},"3":{"start":{"line":4,"column":30},"end":{"line":4,"column":69}},"4":{"start":{"line":5,"column":22},"end":{"line":5,"column":60}},"5":{"start":{"line":8,"column":0},"end":{"line":8,"column":50}},"6":{"start":{"line":11,"column":0},"end":{"line":11,"column":53}},"7":{"start":{"line":14,"column":0},"end":{"line":14,"column":51}},"8":{"start":{"line":17,"column":0},"end":{"line":17,"column":49}},"9":{"start":{"line":20,"column":0},"end":{"line":20,"column":55}},"10":{"start":{"line":23,"column":0},"end":{"line":23,"column":63}},"11":{"start":{"line":25,"column":0},"end":{"line":25,"column":24}}},"fnMap":{},"branchMap":{},"s":{"0":1,"1":1,"2":1,"3":1,"4":1,"5":1,"6":1,"7":1,"8":1,"9":1,"10":1,"11":1},"f":{},"b":{},"_coverageSchema":"1a1c01bbd47fc00a2c39e90264f33305004495a9","hash":"e491c7502b8bd60f5d5846abf863396597a297d2"}
,"C:\\Users\\adminpe\\Desktop\\Nouveau dossier\\nodeJS\\api\\api-postgres\\routes\\typeProductsRoutes.js": {"path":"C:\\Users\\adminpe\\Desktop\\Nouveau dossier\\nodeJS\\api\\api-postgres\\routes\\typeProductsRoutes.js","statementMap":{"0":{"start":{"line":1,"column":16},"end":{"line":1,"column":34}},"1":{"start":{"line":2,"column":15},"end":{"line":2,"column":31}},"2":{"start":{"line":4,"column":31},"end":{"line":4,"column":79}},"3":{"start":{"line":5,"column":30},"end":{"line":5,"column":69}},"4":{"start":{"line":6,"column":22},"end":{"line":6,"column":60}},"5":{"start":{"line":9,"column":0},"end":{"line":12,"column":3}},"6":{"start":{"line":10,"column":2},"end":{"line":10,"column":54}},"7":{"start":{"line":11,"column":2},"end":{"line":11,"column":46}},"8":{"start":{"line":14,"column":0},"end":{"line":14,"column":59}},"9":{"start":{"line":15,"column":0},"end":{"line":15,"column":63}},"10":{"start":{"line":16,"column":0},"end":{"line":16,"column":60}},"11":{"start":{"line":17,"column":0},"end":{"line":17,"column":69}},"12":{"start":{"line":19,"column":0},"end":{"line":19,"column":24}}},"fnMap":{"0":{"name":"(anonymous_0)","decl":{"start":{"line":9,"column":20},"end":{"line":9,"column":21}},"loc":{"start":{"line":9,"column":34},"end":{"line":12,"column":1}},"line":9}},"branchMap":{},"s":{"0":1,"1":1,"2":1,"3":1,"4":1,"5":1,"6":0,"7":0,"8":1,"9":1,"10":1,"11":1,"12":1},"f":{"0":0},"b":{},"_coverageSchema":"1a1c01bbd47fc00a2c39e90264f33305004495a9","hash":"481b900db35e28b51b0569a330176e91d5e096fb"}
,"C:\\Users\\adminpe\\Desktop\\Nouveau dossier\\nodeJS\\api\\api-postgres\\routes\\userRoutes.js": {"path":"C:\\Users\\adminpe\\Desktop\\Nouveau dossier\\nodeJS\\api\\api-postgres\\routes\\userRoutes.js","statementMap":{"0":{"start":{"line":1,"column":16},"end":{"line":1,"column":34}},"1":{"start":{"line":2,"column":15},"end":{"line":2,"column":31}},"2":{"start":{"line":3,"column":23},"end":{"line":3,"column":63}},"3":{"start":{"line":4,"column":18},"end":{"line":4,"column":48}},"4":{"start":{"line":5,"column":30},"end":{"line":5,"column":69}},"5":{"start":{"line":6,"column":22},"end":{"line":6,"column":60}},"6":{"start":{"line":9,"column":0},"end":{"line":9,"column":46}},"7":{"start":{"line":12,"column":0},"end":{"line":12,"column":44}},"8":{"start":{"line":15,"column":0},"end":{"line":15,"column":49}},"9":{"start":{"line":19,"column":0},"end":{"line":19,"column":56}},"10":{"start":{"line":22,"column":0},"end":{"line":22,"column":48}},"11":{"start":{"line":24,"column":0},"end":{"line":24,"column":24}}},"fnMap":{},"branchMap":{},"s":{"0":1,"1":1,"2":1,"3":1,"4":1,"5":1,"6":1,"7":1,"8":1,"9":1,"10":1,"11":1},"f":{},"b":{},"_coverageSchema":"1a1c01bbd47fc00a2c39e90264f33305004495a9","hash":"b20db4a8e3b49b226488c9818d67f82947512dc3"}
}
