TN:
SF:db.js
FNF:0
FNH:0
DA:1,4
DA:2,4
DA:4,4
DA:12,4
LF:4
LH:4
BRF:0
BRH:0
end_of_record
TN:
SF:index.js
FN:36,(anonymous_0)
FNF:1
FNH:1
FNDA:4,(anonymous_0)
DA:1,4
DA:2,4
DA:3,4
DA:4,4
DA:5,4
DA:8,4
DA:11,4
DA:14,4
DA:15,4
DA:16,4
DA:17,4
DA:20,4
DA:23,4
DA:26,4
DA:29,4
DA:32,4
DA:35,4
DA:36,4
DA:37,4
DA:38,4
DA:40,4
LF:21
LH:21
BRDA:35,0,0,4
BRDA:35,0,1,4
BRF:2
BRH:2
end_of_record
TN:
SF:config\config.js
FNF:0
FNH:0
DA:1,4
DA:3,4
DA:16,4
LF:3
LH:3
BRDA:5,0,0,4
BRDA:5,0,1,4
BRDA:11,1,0,4
BRDA:11,1,1,0
BRF:4
BRH:3
end_of_record
TN:
SF:config\swaggerConfig.js
FN:5,(anonymous_0)
FNF:1
FNH:1
FNDA:4,(anonymous_0)
DA:1,4
DA:2,4
DA:3,4
DA:5,4
DA:6,4
LF:5
LH:5
BRF:0
BRH:0
end_of_record
TN:
SF:controllers\authController.js
FN:7,(anonymous_0)
FN:34,(anonymous_1)
FN:45,(anonymous_2)
FN:68,(anonymous_3)
FN:109,(anonymous_4)
FNF:5
FNH:2
FNDA:1,(anonymous_0)
FNDA:0,(anonymous_1)
FNDA:0,(anonymous_2)
FNDA:2,(anonymous_3)
FNDA:0,(anonymous_4)
DA:1,4
DA:2,4
DA:3,4
DA:4,4
DA:7,4
DA:8,1
DA:11,1
DA:12,0
DA:15,1
DA:17,1
DA:18,1
DA:19,0
DA:23,1
DA:25,1
DA:26,1
DA:28,0
DA:29,0
DA:34,4
DA:35,0
DA:36,0
DA:37,0
DA:39,0
DA:40,0
DA:45,4
DA:47,0
DA:49,0
DA:50,0
DA:53,0
DA:54,0
DA:56,0
DA:57,0
DA:60,0
DA:62,0
DA:63,0
DA:68,4
DA:69,2
DA:71,2
DA:72,2
DA:73,2
DA:74,0
DA:77,2
DA:79,2
DA:80,2
DA:81,0
DA:84,2
DA:90,2
DA:91,0
DA:92,0
DA:95,2
DA:97,2
DA:103,0
DA:104,0
DA:109,4
DA:110,0
DA:111,0
DA:112,0
DA:113,0
DA:114,0
DA:116,0
DA:118,0
DA:119,0
DA:123,4
LF:62
LH:29
BRDA:11,0,0,0
BRDA:11,0,1,1
BRDA:11,1,0,1
BRDA:11,1,1,1
BRDA:11,1,2,1
BRDA:11,1,3,1
BRDA:11,1,4,1
BRDA:18,2,0,0
BRDA:18,2,1,1
BRDA:49,3,0,0
BRDA:49,3,1,0
BRDA:49,4,0,0
BRDA:49,4,1,0
BRDA:56,5,0,0
BRDA:56,5,1,0
BRDA:73,6,0,0
BRDA:73,6,1,2
BRDA:80,7,0,0
BRDA:80,7,1,2
BRDA:90,8,0,0
BRDA:90,8,1,2
BRDA:113,9,0,0
BRDA:113,9,1,0
BRF:23
BRH:10
end_of_record
TN:
SF:controllers\commandController.js
FN:5,(anonymous_0)
FN:7,(anonymous_1)
FN:15,(anonymous_2)
FN:28,(anonymous_3)
FN:49,(anonymous_4)
FN:112,(anonymous_5)
FN:155,(anonymous_6)
FNF:7
FNH:5
FNDA:1,(anonymous_0)
FNDA:19,(anonymous_1)
FNDA:1,(anonymous_2)
FNDA:1,(anonymous_3)
FNDA:1,(anonymous_4)
FNDA:0,(anonymous_5)
FNDA:0,(anonymous_6)
DA:1,4
DA:2,4
DA:5,4
DA:6,1
DA:7,1
DA:8,19
DA:10,0
DA:15,4
DA:16,1
DA:17,1
DA:18,1
DA:19,1
DA:20,1
DA:22,0
DA:23,0
DA:28,4
DA:29,1
DA:30,1
DA:31,1
DA:32,1
DA:33,1
DA:34,1
DA:36,1
DA:37,1
DA:39,0
DA:40,0
DA:43,0
DA:44,0
DA:49,4
DA:50,1
DA:51,1
DA:54,1
DA:55,1
DA:56,1
DA:59,0
DA:60,0
DA:61,0
DA:65,0
DA:66,0
DA:67,0
DA:69,0
DA:70,0
DA:75,0
DA:76,0
DA:77,0
DA:79,0
DA:80,0
DA:81,0
DA:83,0
DA:84,0
DA:85,0
DA:88,0
DA:89,0
DA:90,0
DA:91,0
DA:92,0
DA:93,0
DA:94,0
DA:96,0
DA:103,0
DA:104,0
DA:111,0
DA:112,0
DA:113,0
DA:114,0
DA:115,0
DA:117,0
DA:127,0
DA:139,0
DA:140,0
DA:144,0
DA:146,0
DA:147,0
DA:149,0
DA:150,0
DA:155,4
DA:156,0
DA:157,0
DA:158,0
DA:160,0
DA:161,0
DA:163,0
DA:164,0
DA:165,0
DA:166,0
DA:168,0
DA:169,0
DA:171,0
DA:172,0
DA:173,0
DA:174,0
DA:177,0
DA:178,0
DA:179,0
DA:180,0
DA:182,0
DA:184,0
DA:185,0
DA:186,0
DA:190,4
LF:100
LH:29
BRDA:8,0,0,0
BRDA:8,0,1,19
BRDA:34,1,0,1
BRDA:34,1,1,0
BRDA:54,2,0,1
BRDA:54,2,1,0
BRDA:54,3,0,1
BRDA:54,3,1,0
BRDA:54,3,2,0
BRDA:54,3,3,0
BRDA:83,4,0,0
BRDA:83,4,1,0
BRDA:90,5,0,0
BRDA:90,5,1,0
BRDA:90,6,0,0
BRDA:90,6,1,0
BRDA:92,7,0,0
BRDA:92,7,1,0
BRDA:112,8,0,0
BRDA:112,8,1,0
BRDA:171,9,0,0
BRDA:171,9,1,0
BRF:22
BRH:4
end_of_record
TN:
SF:controllers\productController.js
FN:5,(anonymous_0)
FN:16,(anonymous_1)
FN:30,(anonymous_2)
FN:67,(anonymous_3)
FN:98,(anonymous_4)
FN:114,(anonymous_5)
FN:132,(anonymous_6)
FN:139,(anonymous_7)
FNF:8
FNH:6
FNDA:1,(anonymous_0)
FNDA:1,(anonymous_1)
FNDA:1,(anonymous_2)
FNDA:1,(anonymous_3)
FNDA:1,(anonymous_4)
FNDA:1,(anonymous_5)
FNDA:0,(anonymous_6)
FNDA:0,(anonymous_7)
DA:1,4
DA:2,4
DA:5,4
DA:6,1
DA:7,1
DA:8,1
DA:10,0
DA:11,0
DA:16,4
DA:17,1
DA:18,1
DA:19,1
DA:20,1
DA:21,0
DA:23,1
DA:25,0
DA:26,0
DA:30,4
DA:31,1
DA:33,1
DA:34,0
DA:37,1
DA:38,1
DA:40,1
DA:41,1
DA:43,1
DA:44,0
DA:48,1
DA:49,1
DA:50,0
DA:54,1
DA:55,1
DA:58,1
DA:60,0
DA:61,0
DA:67,4
DA:68,1
DA:71,1
DA:72,1
DA:73,1
DA:74,0
DA:78,1
DA:79,1
DA:81,1
DA:83,1
DA:85,1
DA:86,0
DA:89,1
DA:91,0
DA:92,0
DA:98,4
DA:99,1
DA:100,1
DA:101,1
DA:103,0
DA:104,0
DA:107,0
DA:109,1
DA:110,1
DA:114,4
DA:115,1
DA:116,1
DA:117,1
DA:120,1
DA:121,0
DA:125,1
DA:127,0
DA:128,0
DA:132,4
DA:133,0
DA:135,0
DA:136,0
DA:139,0
DA:141,0
DA:142,0
DA:145,0
DA:146,0
DA:148,0
DA:149,0
DA:152,0
DA:154,0
DA:155,0
DA:159,4
LF:83
LH:50
BRDA:20,0,0,0
BRDA:20,0,1,1
BRDA:33,1,0,0
BRDA:33,1,1,1
BRDA:33,2,0,1
BRDA:33,2,1,1
BRDA:43,3,0,0
BRDA:43,3,1,1
BRDA:49,4,0,0
BRDA:49,4,1,1
BRDA:71,5,0,1
BRDA:71,5,1,0
BRDA:73,6,0,0
BRDA:73,6,1,1
BRDA:85,7,0,0
BRDA:85,7,1,1
BRDA:85,8,0,1
BRDA:85,8,1,1
BRDA:103,9,0,0
BRDA:103,9,1,0
BRDA:120,10,0,0
BRDA:120,10,1,1
BRDA:135,11,0,0
BRDA:135,11,1,0
BRDA:141,12,0,0
BRDA:141,12,1,0
BRDA:148,13,0,0
BRDA:148,13,1,0
BRF:28
BRH:12
end_of_record
TN:
SF:controllers\typeProductsController.js
FN:5,(anonymous_0)
FN:16,(anonymous_1)
FN:31,(anonymous_2)
FN:47,(anonymous_3)
FNF:4
FNH:3
FNDA:1,(anonymous_0)
FNDA:1,(anonymous_1)
FNDA:1,(anonymous_2)
FNDA:0,(anonymous_3)
DA:2,4
DA:5,4
DA:6,1
DA:7,1
DA:8,1
DA:10,0
DA:11,0
DA:16,4
DA:17,1
DA:18,1
DA:19,1
DA:20,1
DA:21,0
DA:23,1
DA:25,0
DA:26,0
DA:31,4
DA:32,1
DA:33,1
DA:34,0
DA:37,1
DA:38,1
DA:39,1
DA:41,0
DA:42,0
DA:47,4
DA:48,0
DA:49,0
DA:50,0
DA:52,0
DA:53,0
DA:57,0
DA:59,0
DA:60,0
DA:65,4
LF:35
LH:19
BRDA:20,0,0,0
BRDA:20,0,1,1
BRDA:33,1,0,0
BRDA:33,1,1,1
BRDA:52,2,0,0
BRDA:52,2,1,0
BRF:6
BRH:2
end_of_record
TN:
SF:middleware\authMiddleware.js
FN:5,(anonymous_0)
FN:13,(anonymous_1)
FNF:2
FNH:2
FNDA:3,(anonymous_0)
FNDA:1,(anonymous_1)
DA:2,4
DA:5,4
DA:6,3
DA:8,3
DA:9,2
DA:13,1
DA:14,1
DA:15,1
DA:19,0
DA:20,0
DA:24,4
LF:11
LH:9
BRDA:8,0,0,2
BRDA:8,0,1,1
BRDA:14,1,0,1
BRDA:14,1,1,0
BRF:4
BRH:3
end_of_record
TN:
SF:middleware\authorizeRole.js
FN:2,(anonymous_0)
FN:3,(anonymous_1)
FNF:2
FNH:1
FNDA:12,(anonymous_0)
FNDA:0,(anonymous_1)
DA:2,4
DA:3,12
DA:5,0
DA:6,0
DA:8,0
DA:12,4
LF:6
LH:3
BRDA:5,0,0,0
BRDA:5,0,1,0
BRDA:5,1,0,0
BRDA:5,1,1,0
BRF:4
BRH:0
end_of_record
TN:
SF:models\commandModel.js
FN:4,(anonymous_0)
FN:16,(anonymous_1)
FNF:2
FNH:2
FNDA:1,(anonymous_0)
FNDA:1,(anonymous_1)
DA:1,4
DA:4,4
DA:5,1
DA:11,1
DA:12,1
DA:16,4
DA:17,1
DA:24,1
DA:25,1
DA:89,4
LF:10
LH:10
BRF:0
BRH:0
end_of_record
TN:
SF:models\productModel.js
FN:4,(anonymous_0)
FN:9,(anonymous_1)
FN:14,(anonymous_2)
FN:24,(anonymous_3)
FN:32,(anonymous_4)
FN:37,(anonymous_5)
FN:40,(anonymous_6)
FNF:7
FNH:6
FNDA:1,(anonymous_0)
FNDA:1,(anonymous_1)
FNDA:1,(anonymous_2)
FNDA:1,(anonymous_3)
FNDA:1,(anonymous_4)
FNDA:1,(anonymous_5)
FNDA:0,(anonymous_6)
DA:1,4
DA:4,4
DA:5,1
DA:9,4
DA:10,1
DA:14,4
DA:15,1
DA:20,1
DA:24,4
DA:25,1
DA:32,4
DA:33,1
DA:37,4
DA:38,1
DA:40,4
DA:41,0
DA:42,0
DA:45,4
LF:18
LH:16
BRF:0
BRH:0
end_of_record
TN:
SF:models\typeProductsModele.js
FN:4,(anonymous_0)
FN:9,(anonymous_1)
FN:14,(anonymous_2)
FN:18,(anonymous_3)
FNF:4
FNH:3
FNDA:1,(anonymous_0)
FNDA:1,(anonymous_1)
FNDA:1,(anonymous_2)
FNDA:0,(anonymous_3)
DA:1,4
DA:4,4
DA:5,1
DA:9,4
DA:10,1
DA:14,4
DA:15,1
DA:18,4
DA:19,0
DA:22,4
LF:10
LH:9
BRF:0
BRH:0
end_of_record
TN:
SF:models\userModel.js
FN:4,(anonymous_0)
FN:15,(anonymous_1)
FN:24,(anonymous_2)
FN:32,(anonymous_3)
FNF:4
FNH:2
FNDA:1,(anonymous_0)
FNDA:3,(anonymous_1)
FNDA:0,(anonymous_2)
FNDA:0,(anonymous_3)
DA:1,4
DA:4,4
DA:5,1
DA:11,1
DA:15,4
DA:16,3
DA:20,3
DA:24,4
DA:25,0
DA:28,0
DA:32,4
DA:33,0
DA:40,0
DA:44,4
LF:14
LH:10
BRF:0
BRH:0
end_of_record
TN:
SF:routes\commandRoutes.js
FNF:0
FNH:0
DA:1,4
DA:2,4
DA:3,4
DA:4,4
DA:5,4
DA:7,4
DA:9,4
DA:11,4
DA:13,4
DA:15,4
LF:10
LH:10
BRF:0
BRH:0
end_of_record
TN:
SF:routes\productRoutes.js
FNF:0
FNH:0
DA:1,4
DA:2,4
DA:3,4
DA:4,4
DA:5,4
DA:7,4
DA:10,4
DA:13,4
DA:16,4
DA:19,4
DA:22,4
DA:25,4
DA:29,4
LF:13
LH:13
BRF:0
BRH:0
end_of_record
TN:
SF:routes\typeProductsRoutes.js
FN:9,(anonymous_0)
FNF:1
FNH:0
FNDA:0,(anonymous_0)
DA:1,4
DA:2,4
DA:4,4
DA:5,4
DA:6,4
DA:9,4
DA:10,0
DA:11,0
DA:14,4
DA:15,4
DA:16,4
DA:17,4
DA:19,4
LF:13
LH:11
BRF:0
BRH:0
end_of_record
TN:
SF:routes\userRoutes.js
FNF:0
FNH:0
DA:1,4
DA:2,4
DA:3,4
DA:4,4
DA:5,4
DA:6,4
DA:9,4
DA:12,4
DA:15,4
DA:19,4
DA:22,4
DA:24,4
LF:12
LH:12
BRF:0
BRH:0
end_of_record
